0 info it worked if it ends with ok
1 verbose cli [ '/Users/duanguang/.nvm/versions/node/v6.2.0/bin/node',
1 verbose cli   '/Users/duanguang/.nvm/versions/node/v6.2.0/bin/npm',
1 verbose cli   'run',
1 verbose cli   'dev' ]
2 info using npm@3.8.9
3 info using node@v6.2.0
4 verbose run-script [ 'predev', 'dev', 'postdev' ]
5 info lifecycle mobx-demo@1.0.0~predev: mobx-demo@1.0.0
6 silly lifecycle mobx-demo@1.0.0~predev: no script for predev, continuing
7 info lifecycle mobx-demo@1.0.0~dev: mobx-demo@1.0.0
8 verbose lifecycle mobx-demo@1.0.0~dev: unsafe-perm in lifecycle true
9 verbose lifecycle mobx-demo@1.0.0~dev: PATH: /Users/duanguang/.nvm/versions/node/v6.2.0/lib/node_modules/npm/bin/node-gyp-bin:/Users/duanguang/Documents/WebProject/mobx-demo/node_modules/.bin:/Users/duanguang/.nvm/versions/node/v6.2.0/bin:/usr/local/Cellar/mongodb/3.4.1/bin:/Users/duanguang/.nvm/versions/node/v6.2.0/bin:/usr/local/bin:/usr/bin:/bin:/usr/sbin:/sbin
10 verbose lifecycle mobx-demo@1.0.0~dev: CWD: /Users/duanguang/Documents/WebProject/mobx-demo
11 silly lifecycle mobx-demo@1.0.0~dev: Args: [ '-c', 'node webpack-dev-server' ]
12 silly lifecycle mobx-demo@1.0.0~dev: Returned: code: 1  signal: null
13 info lifecycle mobx-demo@1.0.0~dev: Failed to exec dev script
14 verbose stack Error: mobx-demo@1.0.0 dev: `node webpack-dev-server`
14 verbose stack Exit status 1
14 verbose stack     at EventEmitter.<anonymous> (/Users/duanguang/.nvm/versions/node/v6.2.0/lib/node_modules/npm/lib/utils/lifecycle.js:245:16)
14 verbose stack     at emitTwo (events.js:106:13)
14 verbose stack     at EventEmitter.emit (events.js:191:7)
14 verbose stack     at ChildProcess.<anonymous> (/Users/duanguang/.nvm/versions/node/v6.2.0/lib/node_modules/npm/lib/utils/spawn.js:24:14)
14 verbose stack     at emitTwo (events.js:106:13)
14 verbose stack     at ChildProcess.emit (events.js:191:7)
14 verbose stack     at maybeClose (internal/child_process.js:850:16)
14 verbose stack     at Process.ChildProcess._handle.onexit (internal/child_process.js:215:5)
15 verbose pkgid mobx-demo@1.0.0
16 verbose cwd /Users/duanguang/Documents/WebProject/mobx-demo
17 error Darwin 16.1.0
18 error argv "/Users/duanguang/.nvm/versions/node/v6.2.0/bin/node" "/Users/duanguang/.nvm/versions/node/v6.2.0/bin/npm" "run" "dev"
19 error node v6.2.0
20 error npm  v3.8.9
21 error code ELIFECYCLE
22 error mobx-demo@1.0.0 dev: `node webpack-dev-server`
22 error Exit status 1
23 error Failed at the mobx-demo@1.0.0 dev script 'node webpack-dev-server'.
23 error Make sure you have the latest version of node.js and npm installed.
23 error If you do, this is most likely a problem with the mobx-demo package,
23 error not with npm itself.
23 error Tell the author that this fails on your system:
23 error     node webpack-dev-server
23 error You can get information on how to open an issue for this project with:
23 error     npm bugs mobx-demo
23 error Or if that isn't available, you can get their info via:
23 error     npm owner ls mobx-demo
23 error There is likely additional logging output above.
24 verbose exit [ 1, true ]
